<?xml version="1.0" encoding="UTF-8"?>
<coverage generated="1679177508473" clover="3.2.0">
  <project timestamp="1679177508473" name="All files">
    <metrics statements="5" coveredstatements="5" conditionals="0" coveredconditionals="0" methods="0" coveredmethods="0" elements="5" coveredelements="5" complexity="0" loc="5" ncloc="5" packages="1" files="5" classes="5"/>
    <file name="index.ts" path="/home/shell/pintswap-sdk/src.ts/index.ts">
      <metrics statements="1" coveredstatements="1" conditionals="0" coveredconditionals="0" methods="0" coveredmethods="0"/>
      <line num="1" count="1" type="stmt"/>
    </file>
    <file name="p2p.ts" path="/home/shell/pintswap-sdk/src.ts/p2p.ts">
      <metrics statements="1" coveredstatements="1" conditionals="0" coveredconditionals="0" methods="0" coveredmethods="0"/>
      <line num="1" count="1" type="stmt"/>
    </file>
    <file name="pintswap.ts" path="/home/shell/pintswap-sdk/src.ts/pintswap.ts">
      <metrics statements="1" coveredstatements="1" conditionals="0" coveredconditionals="0" methods="0" coveredmethods="0"/>
      <line num="1" count="1" type="stmt"/>
    </file>
    <file name="protocol.ts" path="/home/shell/pintswap-sdk/src.ts/protocol.ts">
      <metrics statements="1" coveredstatements="1" conditionals="0" coveredconditionals="0" methods="0" coveredmethods="0"/>
      <line num="1" count="1" type="stmt"/>
    </file>
    <file name="utils.ts" path="/home/shell/pintswap-sdk/src.ts/utils.ts">
      <metrics statements="1" coveredstatements="1" conditionals="0" coveredconditionals="0" methods="0" coveredmethods="0"/>
      <line num="1" count="1" type="stmt"/>
    </file>
  </project>
</coverage>
