{"/home/shell/pintswap-sdk/src.ts/index.ts": {"path":"/home/shell/pintswap-sdk/src.ts/index.ts","all":false,"statementMap":{"0":{"start":{"line":1,"column":0},"end":{"line":1,"column":0}}},"s":{"0":1},"branchMap":{},"b":{},"fnMap":{},"f":{}}
,"/home/shell/pintswap-sdk/src.ts/pintswap.ts": {"path":"/home/shell/pintswap-sdk/src.ts/pintswap.ts","all":false,"statementMap":{"0":{"start":{"line":1,"column":0},"end":{"line":1,"column":0}}},"s":{"0":1},"branchMap":{},"b":{},"fnMap":{},"f":{}}
,"/home/shell/pintswap-sdk/src.ts/protocol.ts": {"path":"/home/shell/pintswap-sdk/src.ts/protocol.ts","all":false,"statementMap":{"0":{"start":{"line":1,"column":0},"end":{"line":1,"column":0}}},"s":{"0":1},"branchMap":{},"b":{},"fnMap":{},"f":{}}
,"/home/shell/pintswap-sdk/src.ts/utils.ts": {"path":"/home/shell/pintswap-sdk/src.ts/utils.ts","all":false,"statementMap":{"0":{"start":{"line":1,"column":0},"end":{"line":1,"column":0}}},"s":{"0":1},"branchMap":{},"b":{},"fnMap":{},"f":{}}
}
